<?xml version="1.0" encoding="UTF-8"?>
<coverage generated="1756243174005" clover="3.2.0">
  <project timestamp="1756243174005" name="All files">
    <metrics statements="84" coveredstatements="78" conditionals="12" coveredconditionals="8" methods="29" coveredmethods="27" elements="125" coveredelements="113" complexity="0" loc="84" ncloc="84" packages="4" files="13" classes="13"/>
    <package name="app">
      <metrics statements="5" coveredstatements="5" conditionals="2" coveredconditionals="2" methods="1" coveredmethods="1"/>
      <file name="_layout.tsx" path="D:\Profissional\caixa\hackathon\desafio\hackathon\app\_layout.tsx">
        <metrics statements="5" coveredstatements="5" conditionals="2" coveredconditionals="2" methods="1" coveredmethods="1"/>
        <line num="10" count="2" type="stmt"/>
        <line num="15" count="2" type="cond" truecount="2" falsecount="0"/>
        <line num="16" count="1" type="stmt"/>
        <line num="19" count="1" type="stmt"/>
        <line num="40" count="1" type="stmt"/>
      </file>
    </package>
    <package name="components">
      <metrics statements="51" coveredstatements="45" conditionals="8" coveredconditionals="4" methods="14" coveredmethods="12"/>
      <file name="CadastroProdutos.tsx" path="D:\Profissional\caixa\hackathon\desafio\hackathon\components\CadastroProdutos.tsx">
        <metrics statements="20" coveredstatements="18" conditionals="2" coveredconditionals="1" methods="4" coveredmethods="3"/>
        <line num="18" count="10" type="stmt"/>
        <line num="19" count="10" type="stmt"/>
        <line num="20" count="10" type="stmt"/>
        <line num="22" count="10" type="stmt"/>
        <line num="23" count="1" type="stmt"/>
        <line num="25" count="1" type="stmt"/>
        <line num="26" count="1" type="stmt"/>
        <line num="27" count="2" type="cond" truecount="1" falsecount="1"/>
        <line num="28" count="1" type="stmt"/>
        <line num="29" count="1" type="stmt"/>
        <line num="32" count="1" type="stmt"/>
        <line num="39" count="1" type="stmt"/>
        <line num="47" count="1" type="stmt"/>
        <line num="48" count="1" type="stmt"/>
        <line num="49" count="1" type="stmt"/>
        <line num="50" count="1" type="stmt"/>
        <line num="52" count="0" type="stmt"/>
        <line num="56" count="10" type="stmt"/>
        <line num="59" count="0" type="stmt"/>
        <line num="90" count="2" type="stmt"/>
      </file>
      <file name="Produtos.tsx" path="D:\Profissional\caixa\hackathon\desafio\hackathon\components\Produtos.tsx">
        <metrics statements="15" coveredstatements="14" conditionals="2" coveredconditionals="2" methods="7" coveredmethods="6"/>
        <line num="18" count="7" type="stmt"/>
        <line num="19" count="7" type="stmt"/>
        <line num="20" count="7" type="stmt"/>
        <line num="21" count="7" type="stmt"/>
        <line num="22" count="7" type="stmt"/>
        <line num="24" count="7" type="stmt"/>
        <line num="25" count="3" type="stmt"/>
        <line num="26" count="3" type="stmt"/>
        <line num="28" count="3" type="stmt"/>
        <line num="30" count="0" type="stmt"/>
        <line num="33" count="7" type="stmt"/>
        <line num="34" count="3" type="stmt"/>
        <line num="37" count="7" type="stmt"/>
        <line num="49" count="2" type="stmt"/>
        <line num="72" count="1" type="stmt"/>
      </file>
      <file name="Simulacoes.tsx" path="D:\Profissional\caixa\hackathon\desafio\hackathon\components\Simulacoes.tsx">
        <metrics statements="16" coveredstatements="13" conditionals="4" coveredconditionals="1" methods="3" coveredmethods="3"/>
        <line num="17" count="11" type="stmt"/>
        <line num="18" count="11" type="stmt"/>
        <line num="19" count="11" type="stmt"/>
        <line num="95" count="11" type="stmt"/>
        <line num="96" count="1" type="stmt"/>
        <line num="100" count="11" type="stmt"/>
        <line num="101" count="1" type="stmt"/>
        <line num="102" count="1" type="stmt"/>
        <line num="108" count="1" type="stmt"/>
        <line num="114" count="1" type="cond" truecount="1" falsecount="1"/>
        <line num="115" count="1" type="stmt"/>
        <line num="118" count="0" type="cond" truecount="0" falsecount="2"/>
        <line num="119" count="0" type="stmt"/>
        <line num="121" count="0" type="stmt"/>
        <line num="126" count="11" type="stmt"/>
        <line num="148" count="2" type="stmt"/>
      </file>
    </package>
    <package name="components.elementos">
      <metrics statements="27" coveredstatements="27" conditionals="2" coveredconditionals="2" methods="14" coveredmethods="14"/>
      <file name="BtnEnviar.tsx" path="D:\Profissional\caixa\hackathon\desafio\hackathon\components\elementos\BtnEnviar.tsx">
        <metrics statements="2" coveredstatements="2" conditionals="0" coveredconditionals="0" methods="1" coveredmethods="1"/>
        <line num="10" count="6" type="stmt"/>
        <line num="17" count="3" type="stmt"/>
      </file>
      <file name="BtnFlutuante.tsx" path="D:\Profissional\caixa\hackathon\desafio\hackathon\components\elementos\BtnFlutuante.tsx">
        <metrics statements="3" coveredstatements="3" conditionals="0" coveredconditionals="0" methods="2" coveredmethods="2"/>
        <line num="9" count="9" type="stmt"/>
        <line num="10" count="2" type="stmt"/>
        <line num="16" count="2" type="stmt"/>
      </file>
      <file name="BtnVoltar.tsx" path="D:\Profissional\caixa\hackathon\desafio\hackathon\components\elementos\BtnVoltar.tsx">
        <metrics statements="3" coveredstatements="3" conditionals="0" coveredconditionals="0" methods="2" coveredmethods="2"/>
        <line num="9" count="5" type="stmt"/>
        <line num="10" count="2" type="stmt"/>
        <line num="17" count="3" type="stmt"/>
      </file>
      <file name="CampoFormulario.tsx" path="D:\Profissional\caixa\hackathon\desafio\hackathon\components\elementos\CampoFormulario.tsx">
        <metrics statements="3" coveredstatements="3" conditionals="0" coveredconditionals="0" methods="2" coveredmethods="2"/>
        <line num="23" count="20" type="stmt"/>
        <line num="31" count="1" type="stmt"/>
        <line num="37" count="4" type="stmt"/>
      </file>
      <file name="CardProduto.tsx" path="D:\Profissional\caixa\hackathon\desafio\hackathon\components\elementos\CardProduto.tsx">
        <metrics statements="7" coveredstatements="7" conditionals="0" coveredconditionals="0" methods="3" coveredmethods="3"/>
        <line num="17" count="4" type="stmt"/>
        <line num="18" count="1" type="stmt"/>
        <line num="19" count="1" type="stmt"/>
        <line num="20" count="1" type="stmt"/>
        <line num="23" count="4" type="stmt"/>
        <line num="32" count="1" type="stmt"/>
        <line num="39" count="2" type="stmt"/>
      </file>
      <file name="MemoriaCalculo.tsx" path="D:\Profissional\caixa\hackathon\desafio\hackathon\components\elementos\MemoriaCalculo.tsx">
        <metrics statements="3" coveredstatements="3" conditionals="0" coveredconditionals="0" methods="2" coveredmethods="2"/>
        <line num="15" count="7" type="stmt"/>
        <line num="25" count="36" type="stmt"/>
        <line num="51" count="4" type="stmt"/>
      </file>
      <file name="ResultadoSimulacao.tsx" path="D:\Profissional\caixa\hackathon\desafio\hackathon\components\elementos\ResultadoSimulacao.tsx">
        <metrics statements="4" coveredstatements="4" conditionals="2" coveredconditionals="2" methods="1" coveredmethods="1"/>
        <line num="11" count="5" type="cond" truecount="2" falsecount="0"/>
        <line num="12" count="1" type="stmt"/>
        <line num="15" count="4" type="stmt"/>
        <line num="63" count="3" type="stmt"/>
      </file>
      <file name="ThemedText.tsx" path="D:\Profissional\caixa\hackathon\desafio\hackathon\components\elementos\ThemedText.tsx">
        <metrics statements="2" coveredstatements="2" conditionals="0" coveredconditionals="0" methods="1" coveredmethods="1"/>
        <line num="5" count="97" type="stmt"/>
        <line num="8" count="7" type="stmt"/>
      </file>
    </package>
    <package name="constants">
      <metrics statements="1" coveredstatements="1" conditionals="0" coveredconditionals="0" methods="0" coveredmethods="0"/>
      <file name="Colors.ts" path="D:\Profissional\caixa\hackathon\desafio\hackathon\constants\Colors.ts">
        <metrics statements="1" coveredstatements="1" conditionals="0" coveredconditionals="0" methods="0" coveredmethods="0"/>
        <line num="1" count="10" type="stmt"/>
      </file>
    </package>
  </project>
</coverage>
