{"D:\\Profissional\\caixa\\hackathon\\desafio\\hackathon\\app\\_layout.tsx": {"path":"D:\\Profissional\\caixa\\hackathon\\desafio\\hackathon\\app\\_layout.tsx","statementMap":{"0":{"start":{"line":10,"column":19},"end":{"line":13,"column":4}},"1":{"start":{"line":15,"column":2},"end":{"line":17,"column":3}},"2":{"start":{"line":16,"column":4},"end":{"line":16,"column":16}},"3":{"start":{"line":19,"column":2},"end":{"line":37,"column":4}},"4":{"start":{"line":40,"column":15},"end":{"line":59,"column":2}}},"fnMap":{"0":{"name":"RootLayout","decl":{"start":{"line":9,"column":24},"end":{"line":9,"column":34}},"loc":{"start":{"line":9,"column":37},"end":{"line":38,"column":1}},"line":9}},"branchMap":{"0":{"loc":{"start":{"line":15,"column":2},"end":{"line":17,"column":3}},"type":"if","locations":[{"start":{"line":15,"column":2},"end":{"line":17,"column":3}},{"start":{},"end":{}}],"line":15}},"s":{"0":2,"1":2,"2":1,"3":1,"4":1},"f":{"0":2},"b":{"0":[1,1]},"_coverageSchema":"1a1c01bbd47fc00a2c39e90264f33305004495a9","hash":"8d8e615a06637f3239cb05a9ac99b48362174fc0"}
,"D:\\Profissional\\caixa\\hackathon\\desafio\\hackathon\\components\\CadastroProdutos.tsx": {"path":"D:\\Profissional\\caixa\\hackathon\\desafio\\hackathon\\components\\CadastroProdutos.tsx","statementMap":{"0":{"start":{"line":18,"column":26},"end":{"line":18,"column":40}},"1":{"start":{"line":19,"column":28},"end":{"line":19,"column":42}},"2":{"start":{"line":20,"column":26},"end":{"line":20,"column":40}},"3":{"start":{"line":22,"column":27},"end":{"line":54,"column":3}},"4":{"start":{"line":23,"column":4},"end":{"line":53,"column":5}},"5":{"start":{"line":25,"column":23},"end":{"line":25,"column":71}},"6":{"start":{"line":26,"column":27},"end":{"line":26,"column":48}},"7":{"start":{"line":27,"column":23},"end":{"line":27,"column":99}},"8":{"start":{"line":27,"column":72},"end":{"line":27,"column":95}},"9":{"start":{"line":28,"column":29},"end":{"line":28,"column":45}},"10":{"start":{"line":29,"column":24},"end":{"line":29,"column":42}},"11":{"start":{"line":32,"column":26},"end":{"line":37,"column":7}},"12":{"start":{"line":39,"column":23},"end":{"line":45,"column":8}},"13":{"start":{"line":47,"column":19},"end":{"line":47,"column":40}},"14":{"start":{"line":48,"column":6},"end":{"line":48,"column":47}},"15":{"start":{"line":49,"column":6},"end":{"line":49,"column":22}},"16":{"start":{"line":50,"column":6},"end":{"line":50,"column":24}},"17":{"start":{"line":52,"column":6},"end":{"line":52,"column":56}},"18":{"start":{"line":56,"column":2},"end":{"line":87,"column":4}},"19":{"start":{"line":59,"column":29},"end":{"line":59,"column":46}},"20":{"start":{"line":90,"column":15},"end":{"line":102,"column":2}}},"fnMap":{"0":{"name":"CadastroProdutos","decl":{"start":{"line":17,"column":16},"end":{"line":17,"column":32}},"loc":{"start":{"line":17,"column":94},"end":{"line":88,"column":1}},"line":17},"1":{"name":"(anonymous_1)","decl":{"start":{"line":22,"column":27},"end":{"line":22,"column":28}},"loc":{"start":{"line":22,"column":39},"end":{"line":54,"column":3}},"line":22},"2":{"name":"(anonymous_2)","decl":{"start":{"line":27,"column":43},"end":{"line":27,"column":44}},"loc":{"start":{"line":27,"column":72},"end":{"line":27,"column":95}},"line":27},"3":{"name":"(anonymous_3)","decl":{"start":{"line":59,"column":23},"end":{"line":59,"column":24}},"loc":{"start":{"line":59,"column":29},"end":{"line":59,"column":46}},"line":59}},"branchMap":{"0":{"loc":{"start":{"line":27,"column":72},"end":{"line":27,"column":95}},"type":"cond-expr","locations":[{"start":{"line":27,"column":85},"end":{"line":27,"column":89}},{"start":{"line":27,"column":92},"end":{"line":27,"column":95}}],"line":27}},"s":{"0":10,"1":10,"2":10,"3":10,"4":1,"5":1,"6":1,"7":1,"8":2,"9":1,"10":1,"11":1,"12":1,"13":1,"14":1,"15":1,"16":1,"17":0,"18":10,"19":0,"20":2},"f":{"0":10,"1":1,"2":2,"3":0},"b":{"0":[2,0]},"_coverageSchema":"1a1c01bbd47fc00a2c39e90264f33305004495a9","hash":"4517436f634bb9518039db8c34bf628a25fe109f"}
,"D:\\Profissional\\caixa\\hackathon\\desafio\\hackathon\\components\\Produtos.tsx": {"path":"D:\\Profissional\\caixa\\hackathon\\desafio\\hackathon\\components\\Produtos.tsx","statementMap":{"0":{"start":{"line":18,"column":34},"end":{"line":18,"column":57}},"1":{"start":{"line":19,"column":62},"end":{"line":19,"column":77}},"2":{"start":{"line":20,"column":54},"end":{"line":20,"column":65}},"3":{"start":{"line":21,"column":76},"end":{"line":21,"column":87}},"4":{"start":{"line":22,"column":48},"end":{"line":22,"column":63}},"5":{"start":{"line":24,"column":24},"end":{"line":31,"column":3}},"6":{"start":{"line":25,"column":4},"end":{"line":30,"column":70}},"7":{"start":{"line":26,"column":21},"end":{"line":26,"column":31}},"8":{"start":{"line":28,"column":8},"end":{"line":28,"column":26}},"9":{"start":{"line":30,"column":22},"end":{"line":30,"column":68}},"10":{"start":{"line":33,"column":2},"end":{"line":35,"column":9}},"11":{"start":{"line":34,"column":4},"end":{"line":34,"column":20}},"12":{"start":{"line":37,"column":2},"end":{"line":69,"column":4}},"13":{"start":{"line":49,"column":12},"end":{"line":58,"column":14}},"14":{"start":{"line":72,"column":15},"end":{"line":91,"column":2}}},"fnMap":{"0":{"name":"Produtos","decl":{"start":{"line":17,"column":16},"end":{"line":17,"column":24}},"loc":{"start":{"line":17,"column":27},"end":{"line":70,"column":1}},"line":17},"1":{"name":"(anonymous_1)","decl":{"start":{"line":24,"column":24},"end":{"line":24,"column":25}},"loc":{"start":{"line":24,"column":30},"end":{"line":31,"column":3}},"line":24},"2":{"name":"(anonymous_2)","decl":{"start":{"line":26,"column":12},"end":{"line":26,"column":13}},"loc":{"start":{"line":26,"column":21},"end":{"line":26,"column":31}},"line":26},"3":{"name":"(anonymous_3)","decl":{"start":{"line":27,"column":12},"end":{"line":27,"column":13}},"loc":{"start":{"line":27,"column":22},"end":{"line":29,"column":7}},"line":27},"4":{"name":"(anonymous_4)","decl":{"start":{"line":30,"column":13},"end":{"line":30,"column":14}},"loc":{"start":{"line":30,"column":22},"end":{"line":30,"column":68}},"line":30},"5":{"name":"(anonymous_5)","decl":{"start":{"line":33,"column":12},"end":{"line":33,"column":13}},"loc":{"start":{"line":33,"column":18},"end":{"line":35,"column":3}},"line":33},"6":{"name":"(anonymous_6)","decl":{"start":{"line":48,"column":23},"end":{"line":48,"column":24}},"loc":{"start":{"line":49,"column":12},"end":{"line":58,"column":14}},"line":49}},"branchMap":{"0":{"loc":{"start":{"line":47,"column":9},"end":{"line":62,"column":9}},"type":"cond-expr","locations":[{"start":{"line":48,"column":10},"end":{"line":59,"column":12}},{"start":{"line":61,"column":10},"end":{"line":61,"column":48}}],"line":47}},"s":{"0":7,"1":7,"2":7,"3":7,"4":7,"5":7,"6":3,"7":3,"8":3,"9":0,"10":7,"11":3,"12":7,"13":2,"14":1},"f":{"0":7,"1":3,"2":3,"3":3,"4":0,"5":3,"6":2},"b":{"0":[1,6]},"_coverageSchema":"1a1c01bbd47fc00a2c39e90264f33305004495a9","hash":"c809168a3fd577aab2ee1f9d3cf36ef8c3bf021e"}
,"D:\\Profissional\\caixa\\hackathon\\desafio\\hackathon\\components\\Simulacoes.tsx": {"path":"D:\\Profissional\\caixa\\hackathon\\desafio\\hackathon\\components\\Simulacoes.tsx","statementMap":{"0":{"start":{"line":17,"column":48},"end":{"line":17,"column":59}},"1":{"start":{"line":18,"column":34},"end":{"line":18,"column":45}},"2":{"start":{"line":19,"column":36},"end":{"line":93,"column":3}},"3":{"start":{"line":95,"column":25},"end":{"line":98,"column":3}},"4":{"start":{"line":96,"column":4},"end":{"line":96,"column":22}},"5":{"start":{"line":100,"column":18},"end":{"line":125,"column":3}},"6":{"start":{"line":101,"column":4},"end":{"line":124,"column":5}},"7":{"start":{"line":102,"column":24},"end":{"line":106,"column":7}},"8":{"start":{"line":108,"column":27},"end":{"line":112,"column":8}},"9":{"start":{"line":114,"column":6},"end":{"line":114,"column":75}},"10":{"start":{"line":114,"column":28},"end":{"line":114,"column":75}},"11":{"start":{"line":115,"column":24},"end":{"line":115,"column":49}},"12":{"start":{"line":118,"column":6},"end":{"line":122,"column":7}},"13":{"start":{"line":119,"column":8},"end":{"line":119,"column":46}},"14":{"start":{"line":121,"column":8},"end":{"line":121,"column":51}},"15":{"start":{"line":126,"column":2},"end":{"line":145,"column":4}},"16":{"start":{"line":148,"column":15},"end":{"line":172,"column":2}}},"fnMap":{"0":{"name":"Simulacoes","decl":{"start":{"line":16,"column":16},"end":{"line":16,"column":26}},"loc":{"start":{"line":16,"column":94},"end":{"line":146,"column":1}},"line":16},"1":{"name":"(anonymous_1)","decl":{"start":{"line":95,"column":25},"end":{"line":95,"column":26}},"loc":{"start":{"line":95,"column":31},"end":{"line":98,"column":3}},"line":95},"2":{"name":"(anonymous_2)","decl":{"start":{"line":100,"column":18},"end":{"line":100,"column":19}},"loc":{"start":{"line":100,"column":30},"end":{"line":125,"column":3}},"line":100}},"branchMap":{"0":{"loc":{"start":{"line":114,"column":6},"end":{"line":114,"column":75}},"type":"if","locations":[{"start":{"line":114,"column":6},"end":{"line":114,"column":75}},{"start":{},"end":{}}],"line":114},"1":{"loc":{"start":{"line":118,"column":6},"end":{"line":122,"column":7}},"type":"if","locations":[{"start":{"line":118,"column":6},"end":{"line":122,"column":7}},{"start":{"line":120,"column":13},"end":{"line":122,"column":7}}],"line":118}},"s":{"0":11,"1":11,"2":11,"3":11,"4":1,"5":11,"6":1,"7":1,"8":1,"9":1,"10":0,"11":1,"12":0,"13":0,"14":0,"15":11,"16":2},"f":{"0":11,"1":1,"2":1},"b":{"0":[0,1],"1":[0,0]},"_coverageSchema":"1a1c01bbd47fc00a2c39e90264f33305004495a9","hash":"558579708c0bca0769fb5214bb22c217ac6c8b04"}
,"D:\\Profissional\\caixa\\hackathon\\desafio\\hackathon\\components\\elementos\\BtnEnviar.tsx": {"path":"D:\\Profissional\\caixa\\hackathon\\desafio\\hackathon\\components\\elementos\\BtnEnviar.tsx","statementMap":{"0":{"start":{"line":10,"column":2},"end":{"line":14,"column":4}},"1":{"start":{"line":17,"column":15},"end":{"line":29,"column":2}}},"fnMap":{"0":{"name":"BtnEnviar","decl":{"start":{"line":9,"column":16},"end":{"line":9,"column":25}},"loc":{"start":{"line":9,"column":64},"end":{"line":15,"column":1}},"line":9}},"branchMap":{},"s":{"0":6,"1":3},"f":{"0":6},"b":{},"_coverageSchema":"1a1c01bbd47fc00a2c39e90264f33305004495a9","hash":"8fbe0611dbcb71ad941a08c2c85615ba0edba3f1"}
,"D:\\Profissional\\caixa\\hackathon\\desafio\\hackathon\\components\\elementos\\BtnFlutuante.tsx": {"path":"D:\\Profissional\\caixa\\hackathon\\desafio\\hackathon\\components\\elementos\\BtnFlutuante.tsx","statementMap":{"0":{"start":{"line":9,"column":2},"end":{"line":13,"column":4}},"1":{"start":{"line":10,"column":62},"end":{"line":10,"column":85}},"2":{"start":{"line":16,"column":15},"end":{"line":35,"column":2}}},"fnMap":{"0":{"name":"BtnFlutuante","decl":{"start":{"line":8,"column":16},"end":{"line":8,"column":28}},"loc":{"start":{"line":8,"column":69},"end":{"line":14,"column":1}},"line":8},"1":{"name":"(anonymous_1)","decl":{"start":{"line":10,"column":56},"end":{"line":10,"column":57}},"loc":{"start":{"line":10,"column":62},"end":{"line":10,"column":85}},"line":10}},"branchMap":{},"s":{"0":9,"1":2,"2":2},"f":{"0":9,"1":2},"b":{},"_coverageSchema":"1a1c01bbd47fc00a2c39e90264f33305004495a9","hash":"31f42f7f09c20a519800cbd930c77c20d9ea991e"}
,"D:\\Profissional\\caixa\\hackathon\\desafio\\hackathon\\components\\elementos\\BtnVoltar.tsx": {"path":"D:\\Profissional\\caixa\\hackathon\\desafio\\hackathon\\components\\elementos\\BtnVoltar.tsx","statementMap":{"0":{"start":{"line":9,"column":2},"end":{"line":13,"column":4}},"1":{"start":{"line":10,"column":37},"end":{"line":10,"column":56}},"2":{"start":{"line":17,"column":15},"end":{"line":21,"column":2}}},"fnMap":{"0":{"name":"BtnVoltar","decl":{"start":{"line":8,"column":16},"end":{"line":8,"column":25}},"loc":{"start":{"line":8,"column":58},"end":{"line":14,"column":1}},"line":8},"1":{"name":"(anonymous_1)","decl":{"start":{"line":10,"column":31},"end":{"line":10,"column":32}},"loc":{"start":{"line":10,"column":37},"end":{"line":10,"column":56}},"line":10}},"branchMap":{},"s":{"0":5,"1":2,"2":3},"f":{"0":5,"1":2},"b":{},"_coverageSchema":"1a1c01bbd47fc00a2c39e90264f33305004495a9","hash":"fa272b48533f34b5e3e3a68c573aefddb5f06fb1"}
,"D:\\Profissional\\caixa\\hackathon\\desafio\\hackathon\\components\\elementos\\CampoFormulario.tsx": {"path":"D:\\Profissional\\caixa\\hackathon\\desafio\\hackathon\\components\\elementos\\CampoFormulario.tsx","statementMap":{"0":{"start":{"line":23,"column":2},"end":{"line":34,"column":4}},"1":{"start":{"line":31,"column":34},"end":{"line":31,"column":50}},"2":{"start":{"line":37,"column":15},"end":{"line":47,"column":2}}},"fnMap":{"0":{"name":"CampoFormulario","decl":{"start":{"line":22,"column":16},"end":{"line":22,"column":31}},"loc":{"start":{"line":22,"column":106},"end":{"line":35,"column":1}},"line":22},"1":{"name":"(anonymous_1)","decl":{"start":{"line":31,"column":20},"end":{"line":31,"column":21}},"loc":{"start":{"line":31,"column":34},"end":{"line":31,"column":50}},"line":31}},"branchMap":{},"s":{"0":20,"1":1,"2":4},"f":{"0":20,"1":1},"b":{},"_coverageSchema":"1a1c01bbd47fc00a2c39e90264f33305004495a9","hash":"34e4e09da6db4c1429097975eac88eeb42dca63f"}
,"D:\\Profissional\\caixa\\hackathon\\desafio\\hackathon\\components\\elementos\\CardProduto.tsx": {"path":"D:\\Profissional\\caixa\\hackathon\\desafio\\hackathon\\components\\elementos\\CardProduto.tsx","statementMap":{"0":{"start":{"line":17,"column":24},"end":{"line":21,"column":3}},"1":{"start":{"line":18,"column":4},"end":{"line":18,"column":37}},"2":{"start":{"line":19,"column":4},"end":{"line":19,"column":44}},"3":{"start":{"line":20,"column":4},"end":{"line":20,"column":27}},"4":{"start":{"line":23,"column":2},"end":{"line":36,"column":4}},"5":{"start":{"line":32,"column":67},"end":{"line":32,"column":82}},"6":{"start":{"line":39,"column":15},"end":{"line":64,"column":2}}},"fnMap":{"0":{"name":"CardProduto","decl":{"start":{"line":15,"column":16},"end":{"line":15,"column":27}},"loc":{"start":{"line":15,"column":156},"end":{"line":37,"column":1}},"line":15},"1":{"name":"(anonymous_1)","decl":{"start":{"line":17,"column":24},"end":{"line":17,"column":25}},"loc":{"start":{"line":17,"column":30},"end":{"line":21,"column":3}},"line":17},"2":{"name":"(anonymous_2)","decl":{"start":{"line":32,"column":61},"end":{"line":32,"column":62}},"loc":{"start":{"line":32,"column":67},"end":{"line":32,"column":82}},"line":32}},"branchMap":{},"s":{"0":4,"1":1,"2":1,"3":1,"4":4,"5":1,"6":2},"f":{"0":4,"1":1,"2":1},"b":{},"_coverageSchema":"1a1c01bbd47fc00a2c39e90264f33305004495a9","hash":"9a4287a5da35f55b40b55d78f55f3aab7605d6e2"}
,"D:\\Profissional\\caixa\\hackathon\\desafio\\hackathon\\components\\elementos\\MemoriaCalculo.tsx": {"path":"D:\\Profissional\\caixa\\hackathon\\desafio\\hackathon\\components\\elementos\\MemoriaCalculo.tsx","statementMap":{"0":{"start":{"line":15,"column":2},"end":{"line":48,"column":4}},"1":{"start":{"line":25,"column":10},"end":{"line":45,"column":17}},"2":{"start":{"line":51,"column":15},"end":{"line":78,"column":2}}},"fnMap":{"0":{"name":"MemoriaCalculo","decl":{"start":{"line":14,"column":16},"end":{"line":14,"column":30}},"loc":{"start":{"line":14,"column":68},"end":{"line":49,"column":1}},"line":14},"1":{"name":"(anonymous_1)","decl":{"start":{"line":24,"column":26},"end":{"line":24,"column":27}},"loc":{"start":{"line":25,"column":10},"end":{"line":45,"column":17}},"line":25}},"branchMap":{},"s":{"0":7,"1":36,"2":4},"f":{"0":7,"1":36},"b":{},"_coverageSchema":"1a1c01bbd47fc00a2c39e90264f33305004495a9","hash":"bf814a4659ceb22b5354a638f9090df923795e9f"}
,"D:\\Profissional\\caixa\\hackathon\\desafio\\hackathon\\components\\elementos\\ResultadoSimulacao.tsx": {"path":"D:\\Profissional\\caixa\\hackathon\\desafio\\hackathon\\components\\elementos\\ResultadoSimulacao.tsx","statementMap":{"0":{"start":{"line":11,"column":2},"end":{"line":13,"column":3}},"1":{"start":{"line":12,"column":4},"end":{"line":12,"column":70}},"2":{"start":{"line":15,"column":2},"end":{"line":60,"column":4}},"3":{"start":{"line":63,"column":15},"end":{"line":75,"column":2}}},"fnMap":{"0":{"name":"ResultadoSimulacao","decl":{"start":{"line":10,"column":16},"end":{"line":10,"column":34}},"loc":{"start":{"line":10,"column":75},"end":{"line":61,"column":1}},"line":10}},"branchMap":{"0":{"loc":{"start":{"line":11,"column":2},"end":{"line":13,"column":3}},"type":"if","locations":[{"start":{"line":11,"column":2},"end":{"line":13,"column":3}},{"start":{},"end":{}}],"line":11}},"s":{"0":5,"1":1,"2":4,"3":3},"f":{"0":5},"b":{"0":[1,4]},"_coverageSchema":"1a1c01bbd47fc00a2c39e90264f33305004495a9","hash":"76aefb728fcad0895e9118fc3157cc03ed9595f6"}
,"D:\\Profissional\\caixa\\hackathon\\desafio\\hackathon\\components\\elementos\\ThemedText.tsx": {"path":"D:\\Profissional\\caixa\\hackathon\\desafio\\hackathon\\components\\elementos\\ThemedText.tsx","statementMap":{"0":{"start":{"line":5,"column":2},"end":{"line":5,"column":71}},"1":{"start":{"line":8,"column":15},"end":{"line":14,"column":2}}},"fnMap":{"0":{"name":"ThemedText","decl":{"start":{"line":4,"column":16},"end":{"line":4,"column":26}},"loc":{"start":{"line":4,"column":45},"end":{"line":6,"column":1}},"line":4}},"branchMap":{},"s":{"0":97,"1":7},"f":{"0":97},"b":{},"_coverageSchema":"1a1c01bbd47fc00a2c39e90264f33305004495a9","hash":"11df49b8dd2d47c4935578ecdce017cb28140fd5"}
,"D:\\Profissional\\caixa\\hackathon\\desafio\\hackathon\\constants\\Colors.ts": {"path":"D:\\Profissional\\caixa\\hackathon\\desafio\\hackathon\\constants\\Colors.ts","statementMap":{"0":{"start":{"line":1,"column":22},"end":{"line":6,"column":1}}},"fnMap":{},"branchMap":{},"s":{"0":10},"f":{},"b":{},"_coverageSchema":"1a1c01bbd47fc00a2c39e90264f33305004495a9","hash":"2c1d70792f514dd458e29f9dabae07aa6dc475bb"}
}
