TN:
SF:app\_layout.tsx
FN:9,RootLayout
FNF:1
FNH:1
FNDA:2,RootLayout
DA:10,2
DA:15,2
DA:16,1
DA:19,1
DA:40,1
LF:5
LH:5
BRDA:15,0,0,1
BRDA:15,0,1,1
BRF:2
BRH:2
end_of_record
TN:
SF:components\CadastroProdutos.tsx
FN:17,CadastroProdutos
FN:22,(anonymous_1)
FN:27,(anonymous_2)
FN:59,(anonymous_3)
FNF:4
FNH:3
FNDA:10,CadastroProdutos
FNDA:1,(anonymous_1)
FNDA:2,(anonymous_2)
FNDA:0,(anonymous_3)
DA:18,10
DA:19,10
DA:20,10
DA:22,10
DA:23,1
DA:25,1
DA:26,1
DA:27,2
DA:28,1
DA:29,1
DA:32,1
DA:39,1
DA:47,1
DA:48,1
DA:49,1
DA:50,1
DA:52,0
DA:56,10
DA:59,0
DA:90,2
LF:20
LH:18
BRDA:27,0,0,2
BRDA:27,0,1,0
BRF:2
BRH:1
end_of_record
TN:
SF:components\Produtos.tsx
FN:17,Produtos
FN:24,(anonymous_1)
FN:26,(anonymous_2)
FN:27,(anonymous_3)
FN:30,(anonymous_4)
FN:33,(anonymous_5)
FN:48,(anonymous_6)
FNF:7
FNH:6
FNDA:7,Produtos
FNDA:3,(anonymous_1)
FNDA:3,(anonymous_2)
FNDA:3,(anonymous_3)
FNDA:0,(anonymous_4)
FNDA:3,(anonymous_5)
FNDA:2,(anonymous_6)
DA:18,7
DA:19,7
DA:20,7
DA:21,7
DA:22,7
DA:24,7
DA:25,3
DA:26,3
DA:28,3
DA:30,0
DA:33,7
DA:34,3
DA:37,7
DA:49,2
DA:72,1
LF:15
LH:14
BRDA:47,0,0,1
BRDA:47,0,1,6
BRF:2
BRH:2
end_of_record
TN:
SF:components\Simulacoes.tsx
FN:16,Simulacoes
FN:95,(anonymous_1)
FN:100,(anonymous_2)
FNF:3
FNH:3
FNDA:11,Simulacoes
FNDA:1,(anonymous_1)
FNDA:1,(anonymous_2)
DA:17,11
DA:18,11
DA:19,11
DA:95,11
DA:96,1
DA:100,11
DA:101,1
DA:102,1
DA:108,1
DA:114,1
DA:115,1
DA:118,0
DA:119,0
DA:121,0
DA:126,11
DA:148,2
LF:16
LH:13
BRDA:114,0,0,0
BRDA:114,0,1,1
BRDA:118,1,0,0
BRDA:118,1,1,0
BRF:4
BRH:1
end_of_record
TN:
SF:components\elementos\BtnEnviar.tsx
FN:9,BtnEnviar
FNF:1
FNH:1
FNDA:6,BtnEnviar
DA:10,6
DA:17,3
LF:2
LH:2
BRF:0
BRH:0
end_of_record
TN:
SF:components\elementos\BtnFlutuante.tsx
FN:8,BtnFlutuante
FN:10,(anonymous_1)
FNF:2
FNH:2
FNDA:9,BtnFlutuante
FNDA:2,(anonymous_1)
DA:9,9
DA:10,2
DA:16,2
LF:3
LH:3
BRF:0
BRH:0
end_of_record
TN:
SF:components\elementos\BtnVoltar.tsx
FN:8,BtnVoltar
FN:10,(anonymous_1)
FNF:2
FNH:2
FNDA:5,BtnVoltar
FNDA:2,(anonymous_1)
DA:9,5
DA:10,2
DA:17,3
LF:3
LH:3
BRF:0
BRH:0
end_of_record
TN:
SF:components\elementos\CampoFormulario.tsx
FN:22,CampoFormulario
FN:31,(anonymous_1)
FNF:2
FNH:2
FNDA:20,CampoFormulario
FNDA:1,(anonymous_1)
DA:23,20
DA:31,1
DA:37,4
LF:3
LH:3
BRF:0
BRH:0
end_of_record
TN:
SF:components\elementos\CardProduto.tsx
FN:15,CardProduto
FN:17,(anonymous_1)
FN:32,(anonymous_2)
FNF:3
FNH:3
FNDA:4,CardProduto
FNDA:1,(anonymous_1)
FNDA:1,(anonymous_2)
DA:17,4
DA:18,1
DA:19,1
DA:20,1
DA:23,4
DA:32,1
DA:39,2
LF:7
LH:7
BRF:0
BRH:0
end_of_record
TN:
SF:components\elementos\MemoriaCalculo.tsx
FN:14,MemoriaCalculo
FN:24,(anonymous_1)
FNF:2
FNH:2
FNDA:7,MemoriaCalculo
FNDA:36,(anonymous_1)
DA:15,7
DA:25,36
DA:51,4
LF:3
LH:3
BRF:0
BRH:0
end_of_record
TN:
SF:components\elementos\ResultadoSimulacao.tsx
FN:10,ResultadoSimulacao
FNF:1
FNH:1
FNDA:5,ResultadoSimulacao
DA:11,5
DA:12,1
DA:15,4
DA:63,3
LF:4
LH:4
BRDA:11,0,0,1
BRDA:11,0,1,4
BRF:2
BRH:2
end_of_record
TN:
SF:components\elementos\ThemedText.tsx
FN:4,ThemedText
FNF:1
FNH:1
FNDA:97,ThemedText
DA:5,97
DA:8,7
LF:2
LH:2
BRF:0
BRH:0
end_of_record
TN:
SF:constants\Colors.ts
FNF:0
FNH:0
DA:1,10
LF:1
LH:1
BRF:0
BRH:0
end_of_record
